#
# There is insufficient memory for the Java Runtime Environment to continue.
# Native memory allocation (mmap) failed to map 268435456 bytes for Failed to commit area from 0x0000000700c00000 to 0x0000000710c00000 of length 268435456.
# Possible reasons:
#   The system is out of physical RAM or swap space
#   The process is running with CompressedOops enabled, and the Java Heap may be blocking the growth of the native heap
# Possible solutions:
#   Reduce memory load on the system
#   Increase physical memory or swap space
#   Check if swap backing store is full
#   Decrease Java heap size (-Xmx/-Xms)
#   Decrease number of Java threads
#   Decrease Java thread stack sizes (-Xss)
#   Set larger code cache with -XX:ReservedCodeCacheSize=
# This output file may be truncated or incomplete.
#
#  Out of Memory Error (./src/hotspot/os/windows/os_windows.cpp:3301), pid=2436, tid=18212
#
# JRE version:  (11.0.10+8) (build )
# Java VM: OpenJDK 64-Bit Server VM (11.0.10+8-b1145.96, mixed mode, sharing, tiered, compressed oops, g1 gc, windows-amd64)
# No core dump will be written. Minidumps are not enabled by default on client versions of Windows
#

---------------  S U M M A R Y ------------

Command Line: org.jetbrains.git4idea.http.GitAskPassApp Username for 'https://github.com': 

Host: AMD Ryzen 5 1600 Six-Core Processor            , 12 cores, 15G,  Windows 10 , 64 bit Build 19041 (10.0.19041.804)
Time: Wed May  5 20:57:41 2021 Œrodkowoeuropejski czas letni elapsed time: 0.009728 seconds (0d 0h 0m 0s)

---------------  T H R E A D  ---------------

Current thread (0x000002b0f9b3e800):  JavaThread "Unknown thread" [_thread_in_vm, id=18212, stack(0x000000bc1d500000,0x000000bc1d600000)]

Stack: [0x000000bc1d500000,0x000000bc1d600000]
Native frames: (J=compiled Java code, j=interpreted, Vv=VM code, C=native code)
V  [jvm.dll+0x5ece6a]
V  [jvm.dll+0x722cd5]
V  [jvm.dll+0x72422d]
V  [jvm.dll+0x7248e3]
V  [jvm.dll+0x2428d8]
V  [jvm.dll+0x5ea244]
V  [jvm.dll+0x5df2e5]
V  [jvm.dll+0x2fdddb]
V  [jvm.dll+0x2fdd4a]
V  [jvm.dll+0x2fdc22]
V  [jvm.dll+0x302b06]
V  [jvm.dll+0x34b033]
V  [jvm.dll+0x34b736]
V  [jvm.dll+0x34b133]
V  [jvm.dll+0x2d87d8]
V  [jvm.dll+0x2d9987]
V  [jvm.dll+0x701817]
V  [jvm.dll+0x70300c]
V  [jvm.dll+0x3585a9]
V  [jvm.dll+0x6e516e]
V  [jvm.dll+0x3c09e3]
V  [jvm.dll+0x3c2c71]
C  [jli.dll+0x5373]
C  [ucrtbase.dll+0x21bb2]
C  [KERNEL32.DLL+0x17034]
C  [ntdll.dll+0x52651]


---------------  P R O C E S S  ---------------

Threads class SMR info:
_java_thread_list=0x000002b0f99a3820, length=0, elements={
}

Java Threads: ( => current thread )

Other Threads:
  0x000002b0f9b56000 GCTaskThread "GC Thread#0" [stack: 0x000000bc1d600000,0x000000bc1d700000] [id=17600]
  0x000002b0f9bb4800 ConcurrentGCThread "G1 Main Marker" [stack: 0x000000bc1d700000,0x000000bc1d800000] [id=16440]
  0x000002b0f9bb6000 ConcurrentGCThread "G1 Conc#0" [stack: 0x000000bc1d800000,0x000000bc1d900000] [id=17596]

[error occurred during error reporting (printing all threads), id 0xc0000005, EXCEPTION_ACCESS_VIOLATION (0xc0000005) at pc=0x00007fff01c18db7]

VM state:not at safepoint (not fully initialized)

VM Mutex/Monitor currently owned by a thread:  ([mutex/lock_event])
[0x000002b0f9b3bf60] Heap_lock - owner thread: 0x000002b0f9b3e800

Heap address: 0x0000000700c00000, size: 4084 MB, Compressed Oops mode: Non-zero based: 0x0000000700c00000
Narrow klass base: 0x0000000000000000, Narrow klass shift: 0

GC Heap History (0 events):
No events

Deoptimization events (0 events):
No events

Classes redefined (0 events):
No events

Internal exceptions (0 events):
No events

Events (1 events):
Event: 0.005 Loaded shared library D:\Program Files\JetBrains\PhpStorm 2020.3.2\jbr\bin\zip.dll


Dynamic libraries:
0x00007ff75ef10000 - 0x00007ff75ef1a000 	D:\Program Files\JetBrains\PhpStorm 2020.3.2\jbr\bin\java.exe
0x00007fff6b9f0000 - 0x00007fff6bbe5000 	C:\WINDOWS\SYSTEM32\ntdll.dll
0x00007fff6b610000 - 0x00007fff6b6cd000 	C:\WINDOWS\System32\KERNEL32.DLL
0x00007fff694b0000 - 0x00007fff69779000 	C:\WINDOWS\System32\KERNELBASE.dll
0x00007fff69350000 - 0x00007fff69450000 	C:\WINDOWS\System32\ucrtbase.dll
0x00007fff36cc0000 - 0x00007fff36cd7000 	D:\Program Files\JetBrains\PhpStorm 2020.3.2\jbr\bin\VCRUNTIME140.dll
0x00007fff5c550000 - 0x00007fff5c569000 	D:\Program Files\JetBrains\PhpStorm 2020.3.2\jbr\bin\jli.dll
0x00007fff6ab80000 - 0x00007fff6ad20000 	C:\WINDOWS\System32\USER32.dll
0x00007fff69160000 - 0x00007fff69182000 	C:\WINDOWS\System32\win32u.dll
0x00007fff5d6f0000 - 0x00007fff5d98a000 	C:\WINDOWS\WinSxS\amd64_microsoft.windows.common-controls_6595b64144ccf1df_6.0.19041.844_none_ca00b6081b84eb1d\COMCTL32.dll
0x00007fff6ad20000 - 0x00007fff6ad4a000 	C:\WINDOWS\System32\GDI32.dll
0x00007fff6a8d0000 - 0x00007fff6a96e000 	C:\WINDOWS\System32\msvcrt.dll
0x00007fff69190000 - 0x00007fff6929b000 	C:\WINDOWS\System32\gdi32full.dll
0x00007fff69780000 - 0x00007fff6981d000 	C:\WINDOWS\System32\msvcp_win.dll
0x00007fff69ec0000 - 0x00007fff69ef0000 	C:\WINDOWS\System32\IMM32.DLL
0x00007fff122a0000 - 0x00007fff1233d000 	D:\Program Files\JetBrains\PhpStorm 2020.3.2\jbr\bin\msvcp140.dll
0x00007fff01930000 - 0x00007fff02400000 	D:\Program Files\JetBrains\PhpStorm 2020.3.2\jbr\bin\server\jvm.dll
0x00007fff6b270000 - 0x00007fff6b31c000 	C:\WINDOWS\System32\ADVAPI32.dll
0x00007fff6b6d0000 - 0x00007fff6b76c000 	C:\WINDOWS\System32\sechost.dll
0x00007fff6ad50000 - 0x00007fff6ae7b000 	C:\WINDOWS\System32\RPCRT4.dll
0x00007fff6aa40000 - 0x00007fff6aa48000 	C:\WINDOWS\System32\PSAPI.DLL
0x00007fff5b180000 - 0x00007fff5b189000 	C:\WINDOWS\SYSTEM32\WSOCK32.dll
0x00007fff5eb00000 - 0x00007fff5eb27000 	C:\WINDOWS\SYSTEM32\WINMM.dll
0x00007fff61ca0000 - 0x00007fff61caa000 	C:\WINDOWS\SYSTEM32\VERSION.dll
0x00007fff6b4d0000 - 0x00007fff6b53b000 	C:\WINDOWS\System32\WS2_32.dll
0x00007fff67070000 - 0x00007fff67082000 	C:\WINDOWS\SYSTEM32\kernel.appcore.dll
0x00007fff34790000 - 0x00007fff347a1000 	D:\Program Files\JetBrains\PhpStorm 2020.3.2\jbr\bin\verify.dll
0x00007fff513a0000 - 0x00007fff51584000 	C:\WINDOWS\SYSTEM32\DBGHELP.DLL
0x00007fff512d0000 - 0x00007fff512fc000 	C:\WINDOWS\SYSTEM32\dbgcore.DLL
0x00007fff699d0000 - 0x00007fff69a50000 	C:\WINDOWS\System32\bcryptPrimitives.dll
0x00007fff34740000 - 0x00007fff34769000 	D:\Program Files\JetBrains\PhpStorm 2020.3.2\jbr\bin\java.dll
0x00007fff34840000 - 0x00007fff3484b000 	D:\Program Files\JetBrains\PhpStorm 2020.3.2\jbr\bin\jimage.dll
0x00007fff34440000 - 0x00007fff34458000 	D:\Program Files\JetBrains\PhpStorm 2020.3.2\jbr\bin\zip.dll

dbghelp: loaded successfully - version: 4.0.5 - missing functions: none
symbol engine: initialized successfully - sym options: 0x614 - pdb path: .;D:\Program Files\JetBrains\PhpStorm 2020.3.2\jbr\bin;C:\WINDOWS\SYSTEM32;C:\WINDOWS\WinSxS\amd64_microsoft.windows.common-controls_6595b64144ccf1df_6.0.19041.844_none_ca00b6081b84eb1d;D:\Program Files\JetBrains\PhpStorm 2020.3.2\jbr\bin\server

VM Arguments:
java_command: org.jetbrains.git4idea.http.GitAskPassApp Username for 'https://github.com': 
java_class_path (initial): D:/Program Files/JetBrains/PhpStorm 2020.3.2/plugins/git4idea/lib/git4idea-rt.jar;D:/Program Files/JetBrains/PhpStorm 2020.3.2/lib/xmlrpc-2.0.1.jar;D:/Program Files/JetBrains/PhpStorm 2020.3.2/lib/commons-codec-1.14.jar
Launcher Type: SUN_STANDARD

[Global flags]
     intx CICompilerCount                          = 4                                         {product} {ergonomic}
     uint ConcGCThreads                            = 3                                         {product} {ergonomic}
     uint G1ConcRefinementThreads                  = 10                                        {product} {ergonomic}
   size_t G1HeapRegionSize                         = 1048576                                   {product} {ergonomic}
    uintx GCDrainStackTargetSize                   = 64                                        {product} {ergonomic}
   size_t InitialHeapSize                          = 268435456                                 {product} {ergonomic}
   size_t MarkStackSize                            = 4194304                                   {product} {ergonomic}
   size_t MaxHeapSize                              = 4282384384                                {product} {ergonomic}
   size_t MinHeapDeltaBytes                        = 1048576                                   {product} {ergonomic}
    uintx NonNMethodCodeHeapSize                   = 5836300                                {pd product} {ergonomic}
    uintx NonProfiledCodeHeapSize                  = 122910970                              {pd product} {ergonomic}
    uintx ProfiledCodeHeapSize                     = 122910970                              {pd product} {ergonomic}
    uintx ReservedCodeCacheSize                    = 251658240                              {pd product} {ergonomic}
     bool SegmentedCodeCache                       = true                                      {product} {ergonomic}
     bool UseCompressedClassPointers               = true                                 {lp64_product} {ergonomic}
     bool UseCompressedOops                        = true                                 {lp64_product} {ergonomic}
     bool UseG1GC                                  = true                                      {product} {ergonomic}
     bool UseLargePagesIndividualAllocation        = false                                  {pd product} {ergonomic}

Logging:
Log output configuration:
 #0: stdout all=warning uptime,level,tags
 #1: stderr all=off uptime,level,tags

Environment Variables:
PATH=D:\STUDIA\Git\mingw64\libexec\git-core;D:\STUDIA\Git\mingw64\libexec\git-core;D:\STUDIA\Git\mingw64\bin;D:\STUDIA\Git\usr\bin;C:\Users\MinioColin\bin;C:\Program Files (x86)\VMware\VMware Player\bin;D:\STUDIA\Falcon\MinGW\bin;C:\Program Files (x86)\Common Files\Oracle\Java\javapath;C:\ProgramData\Oracle\Java\javapath;C:\Windows\system32;C:\Windows;C:\Windows\System32\Wbem;C:\Windows\System32\WindowsPowerShell\v1.0;C:\WINDOWS\system32;C:\WINDOWS;C:\WINDOWS\System32\Wbem;C:\WINDOWS\System32\WindowsPowerShell\v1.0;C:\Program Files\NVIDIA Corporation\NVIDIA NvDLISR;C:\WINDOWS\System32\OpenSSH;D:\STUDIA\Git\cmd;C:\Program Files\Microsoft SQL Server\Client SDK\ODBC\170\Tools\Binn;C:\Program Files (x86)\Microsoft SQL Server\150\Tools\Binn;C:\Program Files\Microsoft SQL Server\150\Tools\Binn;C:\Program Files\Microsoft SQL Server\150\DTS\Binn;C:\Program Files (x86)\Microsoft SQL Server\150\DTS\Binn;C:\Program Files\Microsoft SQL Server\130\Tools\Binn;C:\Program Files (x86)\NVIDIA Corporation\PhysX\Common;D:\xampp\php;C:\laragon\bin\putty;C:\laragon\bin\php\php-7.4.15-Win32-vc15-x64;C:\ProgramData\ComposerSetup\bin;C:\Program Files\Symfony;C:\Program Files (x86)\Yarn\bin;C:\Program Files\nodejs;C:\WINDOWS\system32;C:\WINDOWS;C:\WINDOWS\System32\Wbem;C:\WINDOWS\System32\WindowsPowerShell\v1.0;C:\WINDOWS\System32\OpenSSH;C:\Program Files\dotnet;C:\Program Files\Docker\Docker\resources\bin;C:\ProgramData\DockerDesktop\version-bin;C:\Program Files\Java\jdk1.8.0_241\bin;D:\STUDIA\IntelliJ IDEA Community Edition 2020.2.3\bin;C:\Users\MinioColin\AppData\Roaming\Composer\vendor\bin;C:\Users\MinioColin\AppData\Local\Yarn\bin;C:\Users\MinioColin\AppData\Roaming\npm;C:\Users\MinioColin\AppData\Local\Microsoft\WindowsApps;C:\Users\MinioColin\.dotnet\tools;C:\Program Files\OpenSSL-Win64\bin
USERNAME=MinioColin
DISPLAY=:0.0
LC_ALL=en_US.UTF-8
OS=Windows_NT
PROCESSOR_IDENTIFIER=AMD64 Family 23 Model 8 Stepping 2, AuthenticAMD



---------------  S Y S T E M  ---------------

OS: Windows 10 , 64 bit Build 19041 (10.0.19041.804)
OS uptime: 0 days 7:42 hours
Hyper-V role detected

CPU:total 12 (initial active 12) (12 cores per cpu, 2 threads per core) family 23 model 8 stepping 2 microcode 0x0, cmov, cx8, fxsr, mmx, sse, sse2, sse3, ssse3, sse4.1, sse4.2, popcnt, avx, avx2, aes, clmul, mmxext, 3dnowpref, lzcnt, sse4a, ht, tsc, tscinvbit, tscinv, bmi1, bmi2, adx, s

Memory: 4k page, system-wide physical 16332M (4959M free)
TotalPageFile size 17332M (AvailPageFile size 254M)
current process WorkingSet (physical memory assigned to process): 10M, peak: 10M
current process commit charge ("private bytes"): 64M, peak: 320M

vm_info: OpenJDK 64-Bit Server VM (11.0.10+8-b1145.96) for windows-amd64 JRE (11.0.10+8-b1145.96), built on Feb 18 2021 01:38:16 by "" with MS VC++ 14.0 (VS2015)

END.
